[13-Mar-2023 19:47:56 UTC] PHP Fatal error:  Uncaught ValueError: Path cannot be empty in /home/runner/eyal-and-ilan-gpt/add_product.php:48
Stack trace:
#0 /home/runner/eyal-and-ilan-gpt/add_product.php(48): file_get_contents('')
#1 {main}
  thrown in /home/runner/eyal-and-ilan-gpt/add_product.php on line 48
[13-Mar-2023 19:48:05 UTC] PHP Fatal error:  Uncaught ValueError: Path cannot be empty in /home/runner/eyal-and-ilan-gpt/add_product.php:48
Stack trace:
#0 /home/runner/eyal-and-ilan-gpt/add_product.php(48): file_get_contents('')
#1 {main}
  thrown in /home/runner/eyal-and-ilan-gpt/add_product.php on line 48
[13-Mar-2023 19:48:10 UTC] PHP Fatal error:  Uncaught ValueError: Path cannot be empty in /home/runner/eyal-and-ilan-gpt/add_product.php:48
Stack trace:
#0 /home/runner/eyal-and-ilan-gpt/add_product.php(48): file_get_contents('')
#1 {main}
  thrown in /home/runner/eyal-and-ilan-gpt/add_product.php on line 48
[13-Mar-2023 20:52:10 UTC] PHP Fatal error:  Uncaught ValueError: Path cannot be empty in /home/runner/eyal-and-ilan-gpt/add_product.php:39
Stack trace:
#0 /home/runner/eyal-and-ilan-gpt/add_product.php(39): file_get_contents('')
#1 {main}
  thrown in /home/runner/eyal-and-ilan-gpt/add_product.php on line 39
